{"/Users/infi/Desktop/React-Native/Demo/React_task_coco/coco new/src/assets/check.png": {"path":"/Users/infi/Desktop/React-Native/Demo/React_task_coco/coco new/src/assets/check.png","statementMap":{"0":{"start":{"line":1,"column":0},"end":{"line":4,"column":6}}},"fnMap":{},"branchMap":{},"s":{"0":1},"f":{},"b":{},"inputSourceMap":null,"_coverageSchema":"1a1c01bbd47fc00a2c39e90264f33305004495a9","hash":"957affff90bb07279e26bbbf7b59976badd15a89"}
,"/Users/infi/Desktop/React-Native/Demo/React_task_coco/coco new/src/assets/close.png": {"path":"/Users/infi/Desktop/React-Native/Demo/React_task_coco/coco new/src/assets/close.png","statementMap":{"0":{"start":{"line":1,"column":0},"end":{"line":4,"column":6}}},"fnMap":{},"branchMap":{},"s":{"0":1},"f":{},"b":{},"inputSourceMap":null,"_coverageSchema":"1a1c01bbd47fc00a2c39e90264f33305004495a9","hash":"e5d715f7313df866d3ebc6801e3a09b2b169afe1"}
,"/Users/infi/Desktop/React-Native/Demo/React_task_coco/coco new/src/assets/filter.png": {"path":"/Users/infi/Desktop/React-Native/Demo/React_task_coco/coco new/src/assets/filter.png","statementMap":{"0":{"start":{"line":1,"column":0},"end":{"line":4,"column":6}}},"fnMap":{},"branchMap":{},"s":{"0":1},"f":{},"b":{},"inputSourceMap":null,"_coverageSchema":"1a1c01bbd47fc00a2c39e90264f33305004495a9","hash":"0afd56284b115f518a07c7a6709a8ec6677551bb"}
,"/Users/infi/Desktop/React-Native/Demo/React_task_coco/coco new/src/assets/search.png": {"path":"/Users/infi/Desktop/React-Native/Demo/React_task_coco/coco new/src/assets/search.png","statementMap":{"0":{"start":{"line":1,"column":0},"end":{"line":4,"column":6}}},"fnMap":{},"branchMap":{},"s":{"0":1},"f":{},"b":{},"inputSourceMap":null,"_coverageSchema":"1a1c01bbd47fc00a2c39e90264f33305004495a9","hash":"96911c5f71ef2091752ea421fc1b0aa24ddd39f3"}
,"/Users/infi/Desktop/React-Native/Demo/React_task_coco/coco new/src/component/index.js": {"path":"/Users/infi/Desktop/React-Native/Demo/React_task_coco/coco new/src/component/index.js","statementMap":{},"fnMap":{},"branchMap":{},"s":{},"f":{},"b":{},"_coverageSchema":"1a1c01bbd47fc00a2c39e90264f33305004495a9","hash":"eddfbd9409b2f6dfc28e1b359606261497edde58"}
,"/Users/infi/Desktop/React-Native/Demo/React_task_coco/coco new/src/component/button/button.js": {"path":"/Users/infi/Desktop/React-Native/Demo/React_task_coco/coco new/src/component/button/button.js","statementMap":{"0":{"start":{"line":6,"column":18},"end":{"line":25,"column":2}},"1":{"start":{"line":38,"column":8},"end":{"line":38,"column":18}},"2":{"start":{"line":39,"column":4},"end":{"line":66,"column":6}},"3":{"start":{"line":47,"column":16},"end":{"line":47,"column":28}},"4":{"start":{"line":70,"column":0},"end":{"line":76,"column":2}},"5":{"start":{"line":78,"column":0},"end":{"line":80,"column":2}}},"fnMap":{"0":{"name":"(anonymous_0)","decl":{"start":{"line":28,"column":2},"end":{"line":28,"column":3}},"loc":{"start":{"line":28,"column":11},"end":{"line":67,"column":3}},"line":28},"1":{"name":"(anonymous_1)","decl":{"start":{"line":46,"column":14},"end":{"line":46,"column":15}},"loc":{"start":{"line":46,"column":20},"end":{"line":48,"column":15}},"line":46}},"branchMap":{"0":{"loc":{"start":{"line":42,"column":23},"end":{"line":42,"column":40}},"type":"cond-expr","locations":[{"start":{"line":42,"column":33},"end":{"line":42,"column":34}},{"start":{"line":42,"column":37},"end":{"line":42,"column":40}}],"line":42},"1":{"loc":{"start":{"line":44,"column":10},"end":{"line":48,"column":15}},"type":"cond-expr","locations":[{"start":{"line":45,"column":14},"end":{"line":45,"column":18}},{"start":{"line":46,"column":14},"end":{"line":48,"column":15}}],"line":44},"2":{"loc":{"start":{"line":51,"column":9},"end":{"line":64,"column":9}},"type":"cond-expr","locations":[{"start":{"line":52,"column":10},"end":{"line":52,"column":65}},{"start":{"line":54,"column":10},"end":{"line":63,"column":12}}],"line":51},"3":{"loc":{"start":{"line":57,"column":19},"end":{"line":57,"column":35}},"type":"binary-expr","locations":[{"start":{"line":57,"column":19},"end":{"line":57,"column":27}},{"start":{"line":57,"column":31},"end":{"line":57,"column":35}}],"line":57},"4":{"loc":{"start":{"line":61,"column":23},"end":{"line":61,"column":51}},"type":"cond-expr","locations":[{"start":{"line":61,"column":31},"end":{"line":61,"column":36}},{"start":{"line":61,"column":39},"end":{"line":61,"column":51}}],"line":61}},"s":{"0":1,"1":0,"2":0,"3":0,"4":1,"5":1},"f":{"0":0,"1":0},"b":{"0":[0,0],"1":[0,0],"2":[0,0],"3":[0,0],"4":[0,0]},"_coverageSchema":"1a1c01bbd47fc00a2c39e90264f33305004495a9","hash":"70f8c629240331ced9f40b32d1fbff95cedaef06"}
,"/Users/infi/Desktop/React-Native/Demo/React_task_coco/coco new/src/component/image/image.js": {"path":"/Users/infi/Desktop/React-Native/Demo/React_task_coco/coco new/src/component/image/image.js","statementMap":{"0":{"start":{"line":5,"column":48},"end":{"line":5,"column":58}},"1":{"start":{"line":7,"column":4},"end":{"line":21,"column":6}}},"fnMap":{"0":{"name":"(anonymous_0)","decl":{"start":{"line":4,"column":2},"end":{"line":4,"column":3}},"loc":{"start":{"line":4,"column":11},"end":{"line":22,"column":3}},"line":4}},"branchMap":{"0":{"loc":{"start":{"line":5,"column":12},"end":{"line":5,"column":22}},"type":"default-arg","locations":[{"start":{"line":5,"column":20},"end":{"line":5,"column":22}}],"line":5}},"s":{"0":0,"1":0},"f":{"0":0},"b":{"0":[0]},"_coverageSchema":"1a1c01bbd47fc00a2c39e90264f33305004495a9","hash":"7625ff82fa0006c116a6c5bb3e727bce7f2fc9b6"}
,"/Users/infi/Desktop/React-Native/Demo/React_task_coco/coco new/src/component/image/imageBackground.js": {"path":"/Users/infi/Desktop/React-Native/Demo/React_task_coco/coco new/src/component/image/imageBackground.js","statementMap":{"0":{"start":{"line":5,"column":22},"end":{"line":5,"column":43}},"1":{"start":{"line":6,"column":18},"end":{"line":6,"column":39}},"2":{"start":{"line":7,"column":24},"end":{"line":12,"column":3}},"3":{"start":{"line":8,"column":4},"end":{"line":11,"column":15}},"4":{"start":{"line":14,"column":16},"end":{"line":19,"column":3}},"5":{"start":{"line":15,"column":4},"end":{"line":18,"column":15}},"6":{"start":{"line":29,"column":8},"end":{"line":29,"column":18}},"7":{"start":{"line":30,"column":27},"end":{"line":38,"column":5}},"8":{"start":{"line":40,"column":4},"end":{"line":80,"column":6}}},"fnMap":{"0":{"name":"(anonymous_0)","decl":{"start":{"line":7,"column":24},"end":{"line":7,"column":25}},"loc":{"start":{"line":7,"column":30},"end":{"line":12,"column":3}},"line":7},"1":{"name":"(anonymous_1)","decl":{"start":{"line":14,"column":16},"end":{"line":14,"column":17}},"loc":{"start":{"line":14,"column":22},"end":{"line":19,"column":3}},"line":14},"2":{"name":"(anonymous_2)","decl":{"start":{"line":20,"column":2},"end":{"line":20,"column":3}},"loc":{"start":{"line":20,"column":11},"end":{"line":81,"column":3}},"line":20}},"branchMap":{"0":{"loc":{"start":{"line":23,"column":6},"end":{"line":23,"column":16}},"type":"default-arg","locations":[{"start":{"line":23,"column":14},"end":{"line":23,"column":16}}],"line":23},"1":{"loc":{"start":{"line":27,"column":6},"end":{"line":27,"column":26}},"type":"default-arg","locations":[{"start":{"line":27,"column":24},"end":{"line":27,"column":26}}],"line":27},"2":{"loc":{"start":{"line":45,"column":31},"end":{"line":45,"column":67}},"type":"cond-expr","locations":[{"start":{"line":45,"column":43},"end":{"line":45,"column":55}},{"start":{"line":45,"column":58},"end":{"line":45,"column":67}}],"line":45}},"s":{"0":0,"1":0,"2":0,"3":0,"4":0,"5":0,"6":0,"7":0,"8":0},"f":{"0":0,"1":0,"2":0},"b":{"0":[0],"1":[0],"2":[0,0]},"_coverageSchema":"1a1c01bbd47fc00a2c39e90264f33305004495a9","hash":"b4a49f33b059b19ccfb727a0953beae215f90918"}
,"/Users/infi/Desktop/React-Native/Demo/React_task_coco/coco new/src/component/input/searchbar.js": {"path":"/Users/infi/Desktop/React-Native/Demo/React_task_coco/coco new/src/component/input/searchbar.js","statementMap":{"0":{"start":{"line":12,"column":18},"end":{"line":33,"column":2}},"1":{"start":{"line":34,"column":18},"end":{"line":53,"column":1}},"2":{"start":{"line":35,"column":2},"end":{"line":52,"column":4}}},"fnMap":{"0":{"name":"(anonymous_0)","decl":{"start":{"line":34,"column":18},"end":{"line":34,"column":19}},"loc":{"start":{"line":34,"column":42},"end":{"line":53,"column":1}},"line":34}},"branchMap":{},"s":{"0":1,"1":1,"2":1},"f":{"0":1},"b":{},"_coverageSchema":"1a1c01bbd47fc00a2c39e90264f33305004495a9","hash":"d5b96363aab2dfb837080b55212e6a5fe1c5f202"}
,"/Users/infi/Desktop/React-Native/Demo/React_task_coco/coco new/src/component/modal/multiSelect.js": {"path":"/Users/infi/Desktop/React-Native/Demo/React_task_coco/coco new/src/component/modal/multiSelect.js","statementMap":{"0":{"start":{"line":8,"column":18},"end":{"line":10,"column":2}},"1":{"start":{"line":14,"column":10},"end":{"line":16,"column":3}},"2":{"start":{"line":18,"column":20},"end":{"line":28,"column":3}},"3":{"start":{"line":19,"column":23},"end":{"line":19,"column":33}},"4":{"start":{"line":20,"column":4},"end":{"line":26,"column":5}},"5":{"start":{"line":21,"column":14},"end":{"line":21,"column":36}},"6":{"start":{"line":22,"column":6},"end":{"line":22,"column":27}},"7":{"start":{"line":25,"column":6},"end":{"line":25,"column":25}},"8":{"start":{"line":27,"column":4},"end":{"line":27,"column":31}},"9":{"start":{"line":31,"column":47},"end":{"line":31,"column":57}},"10":{"start":{"line":32,"column":25},"end":{"line":32,"column":35}},"11":{"start":{"line":33,"column":4},"end":{"line":85,"column":6}},"12":{"start":{"line":63,"column":16},"end":{"line":76,"column":35}},"13":{"start":{"line":66,"column":33},"end":{"line":66,"column":66}},"14":{"start":{"line":78,"column":36},"end":{"line":78,"column":43}},"15":{"start":{"line":79,"column":44},"end":{"line":79,"column":72}},"16":{"start":{"line":81,"column":80},"end":{"line":81,"column":97}},"17":{"start":{"line":89,"column":0},"end":{"line":94,"column":2}},"18":{"start":{"line":96,"column":0},"end":{"line":98,"column":2}}},"fnMap":{"0":{"name":"(anonymous_0)","decl":{"start":{"line":18,"column":20},"end":{"line":18,"column":21}},"loc":{"start":{"line":18,"column":37},"end":{"line":28,"column":3}},"line":18},"1":{"name":"(anonymous_1)","decl":{"start":{"line":30,"column":2},"end":{"line":30,"column":3}},"loc":{"start":{"line":30,"column":11},"end":{"line":86,"column":3}},"line":30},"2":{"name":"(anonymous_2)","decl":{"start":{"line":62,"column":26},"end":{"line":62,"column":27}},"loc":{"start":{"line":63,"column":16},"end":{"line":76,"column":35}},"line":63},"3":{"name":"(anonymous_3)","decl":{"start":{"line":66,"column":27},"end":{"line":66,"column":28}},"loc":{"start":{"line":66,"column":33},"end":{"line":66,"column":66}},"line":66},"4":{"name":"(anonymous_4)","decl":{"start":{"line":78,"column":28},"end":{"line":78,"column":29}},"loc":{"start":{"line":78,"column":36},"end":{"line":78,"column":43}},"line":78},"5":{"name":"(anonymous_5)","decl":{"start":{"line":79,"column":38},"end":{"line":79,"column":39}},"loc":{"start":{"line":79,"column":44},"end":{"line":79,"column":72}},"line":79},"6":{"name":"(anonymous_6)","decl":{"start":{"line":81,"column":74},"end":{"line":81,"column":75}},"loc":{"start":{"line":81,"column":80},"end":{"line":81,"column":97}},"line":81}},"branchMap":{"0":{"loc":{"start":{"line":20,"column":4},"end":{"line":26,"column":5}},"type":"if","locations":[{"start":{"line":20,"column":4},"end":{"line":26,"column":5}},{"start":{"line":24,"column":9},"end":{"line":26,"column":5}}],"line":20},"1":{"loc":{"start":{"line":68,"column":62},"end":{"line":68,"column":115}},"type":"cond-expr","locations":[{"start":{"line":68,"column":88},"end":{"line":68,"column":100}},{"start":{"line":68,"column":103},"end":{"line":68,"column":115}}],"line":68},"2":{"loc":{"start":{"line":70,"column":20},"end":{"line":74,"column":31}},"type":"cond-expr","locations":[{"start":{"line":71,"column":22},"end":{"line":74,"column":24}},{"start":{"line":74,"column":27},"end":{"line":74,"column":31}}],"line":70}},"s":{"0":1,"1":1,"2":1,"3":0,"4":0,"5":0,"6":0,"7":0,"8":0,"9":1,"10":1,"11":1,"12":0,"13":0,"14":0,"15":0,"16":0,"17":1,"18":1},"f":{"0":0,"1":1,"2":0,"3":0,"4":0,"5":0,"6":0},"b":{"0":[0,0],"1":[0,0],"2":[0,0]},"_coverageSchema":"1a1c01bbd47fc00a2c39e90264f33305004495a9","hash":"cc438ee8460e4849e645bc910d1465235dadd5fb"}
,"/Users/infi/Desktop/React-Native/Demo/React_task_coco/coco new/src/component/safeAreaView/appRoot.js": {"path":"/Users/infi/Desktop/React-Native/Demo/React_task_coco/coco new/src/component/safeAreaView/appRoot.js","statementMap":{"0":{"start":{"line":3,"column":16},"end":{"line":13,"column":1}},"1":{"start":{"line":4,"column":2},"end":{"line":12,"column":4}}},"fnMap":{"0":{"name":"(anonymous_0)","decl":{"start":{"line":3,"column":16},"end":{"line":3,"column":17}},"loc":{"start":{"line":3,"column":71},"end":{"line":13,"column":1}},"line":3}},"branchMap":{},"s":{"0":1,"1":1},"f":{"0":1},"b":{},"_coverageSchema":"1a1c01bbd47fc00a2c39e90264f33305004495a9","hash":"832cd52f10bc64f7c2b8ead01377d25390407be4"}
,"/Users/infi/Desktop/React-Native/Demo/React_task_coco/coco new/src/component/safeAreaView/appSafeAreaView.js": {"path":"/Users/infi/Desktop/React-Native/Demo/React_task_coco/coco new/src/component/safeAreaView/appSafeAreaView.js","statementMap":{"0":{"start":{"line":4,"column":15},"end":{"line":25,"column":2}},"1":{"start":{"line":27,"column":24},"end":{"line":66,"column":1}},"2":{"start":{"line":33,"column":25},"end":{"line":44,"column":3}},"3":{"start":{"line":34,"column":4},"end":{"line":43,"column":6}},"4":{"start":{"line":45,"column":2},"end":{"line":63,"column":3}},"5":{"start":{"line":46,"column":4},"end":{"line":62,"column":6}},"6":{"start":{"line":65,"column":2},"end":{"line":65,"column":33}}},"fnMap":{"0":{"name":"(anonymous_0)","decl":{"start":{"line":27,"column":24},"end":{"line":27,"column":25}},"loc":{"start":{"line":32,"column":6},"end":{"line":66,"column":1}},"line":32},"1":{"name":"(anonymous_1)","decl":{"start":{"line":33,"column":25},"end":{"line":33,"column":26}},"loc":{"start":{"line":33,"column":31},"end":{"line":44,"column":3}},"line":33}},"branchMap":{"0":{"loc":{"start":{"line":30,"column":2},"end":{"line":30,"column":22}},"type":"default-arg","locations":[{"start":{"line":30,"column":18},"end":{"line":30,"column":22}}],"line":30},"1":{"loc":{"start":{"line":31,"column":2},"end":{"line":31,"column":25}},"type":"default-arg","locations":[{"start":{"line":31,"column":18},"end":{"line":31,"column":25}}],"line":31},"2":{"loc":{"start":{"line":37,"column":20},"end":{"line":37,"column":71}},"type":"cond-expr","locations":[{"start":{"line":37,"column":39},"end":{"line":37,"column":54}},{"start":{"line":37,"column":57},"end":{"line":37,"column":71}}],"line":37},"3":{"loc":{"start":{"line":39,"column":27},"end":{"line":39,"column":74}},"type":"cond-expr","locations":[{"start":{"line":39,"column":46},"end":{"line":39,"column":59}},{"start":{"line":39,"column":62},"end":{"line":39,"column":74}}],"line":39},"4":{"loc":{"start":{"line":45,"column":2},"end":{"line":63,"column":3}},"type":"if","locations":[{"start":{"line":45,"column":2},"end":{"line":63,"column":3}},{"start":{},"end":{}}],"line":45},"5":{"loc":{"start":{"line":51,"column":12},"end":{"line":55,"column":35}},"type":"cond-expr","locations":[{"start":{"line":52,"column":16},"end":{"line":52,"column":36}},{"start":{"line":53,"column":16},"end":{"line":55,"column":35}}],"line":51},"6":{"loc":{"start":{"line":53,"column":16},"end":{"line":55,"column":35}},"type":"cond-expr","locations":[{"start":{"line":54,"column":16},"end":{"line":54,"column":35}},{"start":{"line":55,"column":16},"end":{"line":55,"column":35}}],"line":53}},"s":{"0":1,"1":1,"2":1,"3":1,"4":1,"5":1,"6":0},"f":{"0":1,"1":1},"b":{"0":[1],"1":[1],"2":[1,0],"3":[1,0],"4":[1,0],"5":[1,0],"6":[0,0]},"_coverageSchema":"1a1c01bbd47fc00a2c39e90264f33305004495a9","hash":"b17ee8ce0aa123b3ff44b7ec5ce8d90593564cf0"}
,"/Users/infi/Desktop/React-Native/Demo/React_task_coco/coco new/src/component/text/textView.js": {"path":"/Users/infi/Desktop/React-Native/Demo/React_task_coco/coco new/src/component/text/textView.js","statementMap":{"0":{"start":{"line":5,"column":66},"end":{"line":5,"column":76}},"1":{"start":{"line":6,"column":4},"end":{"line":16,"column":6}}},"fnMap":{"0":{"name":"(anonymous_0)","decl":{"start":{"line":4,"column":2},"end":{"line":4,"column":3}},"loc":{"start":{"line":4,"column":11},"end":{"line":17,"column":3}},"line":4}},"branchMap":{"0":{"loc":{"start":{"line":5,"column":30},"end":{"line":5,"column":51}},"type":"default-arg","locations":[{"start":{"line":5,"column":47},"end":{"line":5,"column":51}}],"line":5},"1":{"loc":{"start":{"line":8,"column":9},"end":{"line":14,"column":9}},"type":"cond-expr","locations":[{"start":{"line":9,"column":10},"end":{"line":9,"column":28}},{"start":{"line":11,"column":10},"end":{"line":13,"column":17}}],"line":8}},"s":{"0":0,"1":0},"f":{"0":0},"b":{"0":[0],"1":[0,0]},"_coverageSchema":"1a1c01bbd47fc00a2c39e90264f33305004495a9","hash":"d6a30752b0e8f35d1953507dfecf96131619d617"}
,"/Users/infi/Desktop/React-Native/Demo/React_task_coco/coco new/src/config/appConstants.js": {"path":"/Users/infi/Desktop/React-Native/Demo/React_task_coco/coco new/src/config/appConstants.js","statementMap":{"0":{"start":{"line":2,"column":22},"end":{"line":2,"column":53}},"1":{"start":{"line":3,"column":21},"end":{"line":3,"column":51}},"2":{"start":{"line":12,"column":18},"end":{"line":20,"column":1}},"3":{"start":{"line":22,"column":15},"end":{"line":37,"column":1}},"4":{"start":{"line":39,"column":15},"end":{"line":55,"column":1}},"5":{"start":{"line":57,"column":15},"end":{"line":66,"column":1}},"6":{"start":{"line":68,"column":15},"end":{"line":73,"column":1}},"7":{"start":{"line":75,"column":14},"end":{"line":75,"column":16}},"8":{"start":{"line":77,"column":18},"end":{"line":77,"column":20}},"9":{"start":{"line":79,"column":16},"end":{"line":83,"column":1}},"10":{"start":{"line":85,"column":19},"end":{"line":85,"column":71}}},"fnMap":{},"branchMap":{},"s":{"0":1,"1":1,"2":1,"3":1,"4":1,"5":1,"6":1,"7":1,"8":1,"9":1,"10":1},"f":{},"b":{},"_coverageSchema":"1a1c01bbd47fc00a2c39e90264f33305004495a9","hash":"0329234fa30711e3470560f3aa8ba6b51fecb8e2"}
,"/Users/infi/Desktop/React-Native/Demo/React_task_coco/coco new/src/list/userList.js": {"path":"/Users/infi/Desktop/React-Native/Demo/React_task_coco/coco new/src/list/userList.js","statementMap":{"0":{"start":{"line":8,"column":10},"end":{"line":31,"column":2}},"1":{"start":{"line":32,"column":17},"end":{"line":61,"column":1}},"2":{"start":{"line":33,"column":19},"end":{"line":33,"column":21}},"3":{"start":{"line":34,"column":2},"end":{"line":38,"column":3}},"4":{"start":{"line":35,"column":4},"end":{"line":37,"column":7}},"5":{"start":{"line":36,"column":6},"end":{"line":36,"column":28}},"6":{"start":{"line":39,"column":2},"end":{"line":60,"column":4}}},"fnMap":{"0":{"name":"(anonymous_0)","decl":{"start":{"line":32,"column":17},"end":{"line":32,"column":18}},"loc":{"start":{"line":32,"column":56},"end":{"line":61,"column":1}},"line":32},"1":{"name":"(anonymous_1)","decl":{"start":{"line":35,"column":28},"end":{"line":35,"column":29}},"loc":{"start":{"line":35,"column":42},"end":{"line":37,"column":5}},"line":35}},"branchMap":{"0":{"loc":{"start":{"line":34,"column":2},"end":{"line":38,"column":3}},"type":"if","locations":[{"start":{"line":34,"column":2},"end":{"line":38,"column":3}},{"start":{},"end":{}}],"line":34},"1":{"loc":{"start":{"line":34,"column":6},"end":{"line":34,"column":29}},"type":"binary-expr","locations":[{"start":{"line":34,"column":6},"end":{"line":34,"column":10}},{"start":{"line":34,"column":14},"end":{"line":34,"column":29}}],"line":34},"2":{"loc":{"start":{"line":40,"column":51},"end":{"line":40,"column":75}},"type":"cond-expr","locations":[{"start":{"line":40,"column":61},"end":{"line":40,"column":65}},{"start":{"line":40,"column":68},"end":{"line":40,"column":75}}],"line":40},"3":{"loc":{"start":{"line":43,"column":45},"end":{"line":43,"column":64}},"type":"cond-expr","locations":[{"start":{"line":43,"column":58},"end":{"line":43,"column":60}},{"start":{"line":43,"column":63},"end":{"line":43,"column":64}}],"line":43},"4":{"loc":{"start":{"line":46,"column":32},"end":{"line":46,"column":67}},"type":"cond-expr","locations":[{"start":{"line":46,"column":43},"end":{"line":46,"column":55}},{"start":{"line":46,"column":58},"end":{"line":46,"column":67}}],"line":46},"5":{"loc":{"start":{"line":47,"column":23},"end":{"line":47,"column":58}},"type":"cond-expr","locations":[{"start":{"line":47,"column":34},"end":{"line":47,"column":46}},{"start":{"line":47,"column":49},"end":{"line":47,"column":58}}],"line":47},"6":{"loc":{"start":{"line":49,"column":9},"end":{"line":57,"column":9}},"type":"binary-expr","locations":[{"start":{"line":49,"column":9},"end":{"line":49,"column":17}},{"start":{"line":50,"column":10},"end":{"line":56,"column":17}}],"line":49},"7":{"loc":{"start":{"line":51,"column":25},"end":{"line":51,"column":46}},"type":"binary-expr","locations":[{"start":{"line":51,"column":25},"end":{"line":51,"column":33}},{"start":{"line":51,"column":37},"end":{"line":51,"column":46}}],"line":51},"8":{"loc":{"start":{"line":53,"column":21},"end":{"line":53,"column":54}},"type":"binary-expr","locations":[{"start":{"line":53,"column":21},"end":{"line":53,"column":29}},{"start":{"line":53,"column":33},"end":{"line":53,"column":54}}],"line":53}},"s":{"0":1,"1":1,"2":0,"3":0,"4":0,"5":0,"6":0},"f":{"0":0,"1":0},"b":{"0":[0,0],"1":[0,0],"2":[0,0],"3":[0,0],"4":[0,0],"5":[0,0],"6":[0,0],"7":[0,0],"8":[0,0]},"_coverageSchema":"1a1c01bbd47fc00a2c39e90264f33305004495a9","hash":"966356a51326dc34326a0494879a54ea1a4747b8"}
,"/Users/infi/Desktop/React-Native/Demo/React_task_coco/coco new/src/pages/index.js": {"path":"/Users/infi/Desktop/React-Native/Demo/React_task_coco/coco new/src/pages/index.js","statementMap":{"0":{"start":{"line":9,"column":13},"end":{"line":59,"column":1}},"1":{"start":{"line":10,"column":38},"end":{"line":10,"column":53}},"2":{"start":{"line":11,"column":34},"end":{"line":11,"column":46}},"3":{"start":{"line":12,"column":19},"end":{"line":12,"column":37}},"4":{"start":{"line":13,"column":21},"end":{"line":13,"column":39}},"5":{"start":{"line":14,"column":20},"end":{"line":14,"column":40}},"6":{"start":{"line":15,"column":19},"end":{"line":15,"column":32}},"7":{"start":{"line":16,"column":2},"end":{"line":19,"column":9}},"8":{"start":{"line":17,"column":4},"end":{"line":17,"column":27}},"9":{"start":{"line":18,"column":4},"end":{"line":18,"column":32}},"10":{"start":{"line":21,"column":2},"end":{"line":58,"column":4}},"11":{"start":{"line":23,"column":32},"end":{"line":23,"column":51}},"12":{"start":{"line":30,"column":10},"end":{"line":40,"column":17}},"13":{"start":{"line":43,"column":10},"end":{"line":43,"column":25}},"14":{"start":{"line":51,"column":10},"end":{"line":51,"column":32}},"15":{"start":{"line":52,"column":10},"end":{"line":52,"column":31}},"16":{"start":{"line":55,"column":22},"end":{"line":55,"column":42}}},"fnMap":{"0":{"name":"(anonymous_0)","decl":{"start":{"line":9,"column":13},"end":{"line":9,"column":14}},"loc":{"start":{"line":9,"column":19},"end":{"line":59,"column":1}},"line":9},"1":{"name":"(anonymous_1)","decl":{"start":{"line":16,"column":12},"end":{"line":16,"column":13}},"loc":{"start":{"line":16,"column":18},"end":{"line":19,"column":3}},"line":16},"2":{"name":"(anonymous_2)","decl":{"start":{"line":23,"column":26},"end":{"line":23,"column":27}},"loc":{"start":{"line":23,"column":32},"end":{"line":23,"column":51}},"line":23},"3":{"name":"(anonymous_3)","decl":{"start":{"line":29,"column":20},"end":{"line":29,"column":21}},"loc":{"start":{"line":30,"column":10},"end":{"line":40,"column":17}},"line":30},"4":{"name":"(anonymous_4)","decl":{"start":{"line":37,"column":25},"end":{"line":37,"column":26}},"loc":{"start":{"line":37,"column":31},"end":{"line":37,"column":33}},"line":37},"5":{"name":"(anonymous_5)","decl":{"start":{"line":42,"column":22},"end":{"line":42,"column":23}},"loc":{"start":{"line":42,"column":32},"end":{"line":44,"column":9}},"line":42},"6":{"name":"(anonymous_6)","decl":{"start":{"line":50,"column":17},"end":{"line":50,"column":18}},"loc":{"start":{"line":50,"column":31},"end":{"line":53,"column":9}},"line":50},"7":{"name":"(anonymous_7)","decl":{"start":{"line":55,"column":16},"end":{"line":55,"column":17}},"loc":{"start":{"line":55,"column":22},"end":{"line":55,"column":42}},"line":55}},"branchMap":{"0":{"loc":{"start":{"line":31,"column":13},"end":{"line":39,"column":20}},"type":"cond-expr","locations":[{"start":{"line":33,"column":14},"end":{"line":38,"column":16}},{"start":{"line":39,"column":16},"end":{"line":39,"column":20}}],"line":31},"1":{"loc":{"start":{"line":31,"column":13},"end":{"line":32,"column":39}},"type":"binary-expr","locations":[{"start":{"line":31,"column":13},"end":{"line":32,"column":15}},{"start":{"line":32,"column":19},"end":{"line":32,"column":39}}],"line":31}},"s":{"0":1,"1":1,"2":1,"3":1,"4":1,"5":1,"6":1,"7":1,"8":1,"9":1,"10":1,"11":0,"12":0,"13":0,"14":0,"15":0,"16":0},"f":{"0":1,"1":1,"2":0,"3":0,"4":0,"5":0,"6":0,"7":0},"b":{"0":[0,0],"1":[0,0]},"_coverageSchema":"1a1c01bbd47fc00a2c39e90264f33305004495a9","hash":"5df8ff87ef368b23817afd9095062c995ec8827b"}
,"/Users/infi/Desktop/React-Native/Demo/React_task_coco/coco new/src/redux/actionType.js": {"path":"/Users/infi/Desktop/React-Native/Demo/React_task_coco/coco new/src/redux/actionType.js","statementMap":{"0":{"start":{"line":1,"column":25},"end":{"line":1,"column":36}},"1":{"start":{"line":2,"column":33},"end":{"line":2,"column":52}},"2":{"start":{"line":3,"column":38},"end":{"line":3,"column":62}}},"fnMap":{},"branchMap":{},"s":{"0":1,"1":1,"2":1},"f":{},"b":{},"_coverageSchema":"1a1c01bbd47fc00a2c39e90264f33305004495a9","hash":"c00c7572f8e16a0ea0409fa369176d2c06b9ff81"}
,"/Users/infi/Desktop/React-Native/Demo/React_task_coco/coco new/src/redux/configureStore.js": {"path":"/Users/infi/Desktop/React-Native/Demo/React_task_coco/coco new/src/redux/configureStore.js","statementMap":{"0":{"start":{"line":5,"column":23},"end":{"line":7,"column":1}},"1":{"start":{"line":6,"column":2},"end":{"line":6,"column":58}}},"fnMap":{"0":{"name":"(anonymous_0)","decl":{"start":{"line":5,"column":23},"end":{"line":5,"column":24}},"loc":{"start":{"line":5,"column":29},"end":{"line":7,"column":1}},"line":5}},"branchMap":{},"s":{"0":1,"1":1},"f":{"0":1},"b":{},"_coverageSchema":"1a1c01bbd47fc00a2c39e90264f33305004495a9","hash":"07d242fd1751fcf3c12fc54bc79b45386a018c77"}
,"/Users/infi/Desktop/React-Native/Demo/React_task_coco/coco new/src/redux/actions/homeAction.js": {"path":"/Users/infi/Desktop/React-Native/Demo/React_task_coco/coco new/src/redux/actions/homeAction.js","statementMap":{"0":{"start":{"line":3,"column":24},"end":{"line":17,"column":1}},"1":{"start":{"line":4,"column":2},"end":{"line":16,"column":4}},"2":{"start":{"line":5,"column":4},"end":{"line":15,"column":5}},"3":{"start":{"line":6,"column":6},"end":{"line":6,"column":27}},"4":{"start":{"line":7,"column":6},"end":{"line":12,"column":11}},"5":{"start":{"line":11,"column":10},"end":{"line":11,"column":48}},"6":{"start":{"line":14,"column":6},"end":{"line":14,"column":27}},"7":{"start":{"line":19,"column":29},"end":{"line":32,"column":1}},"8":{"start":{"line":20,"column":2},"end":{"line":31,"column":4}},"9":{"start":{"line":21,"column":4},"end":{"line":30,"column":5}},"10":{"start":{"line":22,"column":6},"end":{"line":27,"column":11}},"11":{"start":{"line":26,"column":10},"end":{"line":26,"column":50}},"12":{"start":{"line":29,"column":6},"end":{"line":29,"column":25}},"13":{"start":{"line":34,"column":24},"end":{"line":36,"column":1}},"14":{"start":{"line":35,"column":2},"end":{"line":35,"column":41}},"15":{"start":{"line":37,"column":27},"end":{"line":39,"column":1}},"16":{"start":{"line":38,"column":2},"end":{"line":38,"column":49}},"17":{"start":{"line":41,"column":29},"end":{"line":43,"column":1}},"18":{"start":{"line":42,"column":2},"end":{"line":42,"column":54}}},"fnMap":{"0":{"name":"(anonymous_0)","decl":{"start":{"line":3,"column":24},"end":{"line":3,"column":25}},"loc":{"start":{"line":3,"column":30},"end":{"line":17,"column":1}},"line":3},"1":{"name":"(anonymous_1)","decl":{"start":{"line":4,"column":9},"end":{"line":4,"column":10}},"loc":{"start":{"line":4,"column":23},"end":{"line":16,"column":3}},"line":4},"2":{"name":"(anonymous_2)","decl":{"start":{"line":10,"column":14},"end":{"line":10,"column":15}},"loc":{"start":{"line":10,"column":28},"end":{"line":12,"column":9}},"line":10},"3":{"name":"(anonymous_3)","decl":{"start":{"line":19,"column":29},"end":{"line":19,"column":30}},"loc":{"start":{"line":19,"column":35},"end":{"line":32,"column":1}},"line":19},"4":{"name":"(anonymous_4)","decl":{"start":{"line":20,"column":9},"end":{"line":20,"column":10}},"loc":{"start":{"line":20,"column":23},"end":{"line":31,"column":3}},"line":20},"5":{"name":"(anonymous_5)","decl":{"start":{"line":25,"column":14},"end":{"line":25,"column":15}},"loc":{"start":{"line":25,"column":28},"end":{"line":27,"column":9}},"line":25},"6":{"name":"(anonymous_6)","decl":{"start":{"line":34,"column":24},"end":{"line":34,"column":25}},"loc":{"start":{"line":34,"column":34},"end":{"line":36,"column":1}},"line":34},"7":{"name":"(anonymous_7)","decl":{"start":{"line":37,"column":27},"end":{"line":37,"column":28}},"loc":{"start":{"line":37,"column":37},"end":{"line":39,"column":1}},"line":37},"8":{"name":"(anonymous_8)","decl":{"start":{"line":41,"column":29},"end":{"line":41,"column":30}},"loc":{"start":{"line":41,"column":39},"end":{"line":43,"column":1}},"line":41}},"branchMap":{},"s":{"0":1,"1":1,"2":1,"3":1,"4":1,"5":0,"6":1,"7":1,"8":1,"9":1,"10":1,"11":0,"12":1,"13":1,"14":2,"15":1,"16":0,"17":1,"18":0},"f":{"0":1,"1":1,"2":0,"3":1,"4":1,"5":0,"6":2,"7":0,"8":0},"b":{},"_coverageSchema":"1a1c01bbd47fc00a2c39e90264f33305004495a9","hash":"79d397871e5a8cf8bc92bb88fe6324103490e7e7"}
,"/Users/infi/Desktop/React-Native/Demo/React_task_coco/coco new/src/redux/reducers/home.js": {"path":"/Users/infi/Desktop/React-Native/Demo/React_task_coco/coco new/src/redux/reducers/home.js","statementMap":{"0":{"start":{"line":3,"column":24},"end":{"line":8,"column":1}},"1":{"start":{"line":9,"column":20},"end":{"line":29,"column":1}},"2":{"start":{"line":10,"column":2},"end":{"line":27,"column":3}},"3":{"start":{"line":12,"column":6},"end":{"line":15,"column":8}},"4":{"start":{"line":17,"column":6},"end":{"line":21,"column":8}},"5":{"start":{"line":23,"column":6},"end":{"line":26,"column":8}},"6":{"start":{"line":28,"column":2},"end":{"line":28,"column":15}}},"fnMap":{"0":{"name":"(anonymous_0)","decl":{"start":{"line":9,"column":20},"end":{"line":9,"column":21}},"loc":{"start":{"line":9,"column":57},"end":{"line":29,"column":1}},"line":9}},"branchMap":{"0":{"loc":{"start":{"line":9,"column":21},"end":{"line":9,"column":44}},"type":"default-arg","locations":[{"start":{"line":9,"column":29},"end":{"line":9,"column":44}}],"line":9},"1":{"loc":{"start":{"line":10,"column":2},"end":{"line":27,"column":3}},"type":"switch","locations":[{"start":{"line":11,"column":4},"end":{"line":15,"column":8}},{"start":{"line":16,"column":4},"end":{"line":21,"column":8}},{"start":{"line":22,"column":4},"end":{"line":26,"column":8}}],"line":10}},"s":{"0":1,"1":1,"2":5,"3":2,"4":0,"5":0,"6":3},"f":{"0":5},"b":{"0":[3],"1":[2,0,0]},"_coverageSchema":"1a1c01bbd47fc00a2c39e90264f33305004495a9","hash":"93e1f50ac83948157f76001a6bbd529989c3d0de"}
,"/Users/infi/Desktop/React-Native/Demo/React_task_coco/coco new/src/redux/reducers/rootReducer.js": {"path":"/Users/infi/Desktop/React-Native/Demo/React_task_coco/coco new/src/redux/reducers/rootReducer.js","statementMap":{"0":{"start":{"line":3,"column":20},"end":{"line":5,"column":2}}},"fnMap":{},"branchMap":{},"s":{"0":1},"f":{},"b":{},"_coverageSchema":"1a1c01bbd47fc00a2c39e90264f33305004495a9","hash":"2821f555f54a4c254b93ddc5e53770187e46b382"}
,"/Users/infi/Desktop/React-Native/Demo/React_task_coco/coco new/src/redux/selectors/homeSelectors.js": {"path":"/Users/infi/Desktop/React-Native/Demo/React_task_coco/coco new/src/redux/selectors/homeSelectors.js","statementMap":{"0":{"start":{"line":1,"column":16},"end":{"line":1,"column":54}},"1":{"start":{"line":1,"column":27},"end":{"line":1,"column":54}},"2":{"start":{"line":2,"column":14},"end":{"line":2,"column":53}},"3":{"start":{"line":2,"column":25},"end":{"line":2,"column":53}},"4":{"start":{"line":3,"column":14},"end":{"line":3,"column":59}},"5":{"start":{"line":3,"column":25},"end":{"line":3,"column":59}}},"fnMap":{"0":{"name":"(anonymous_0)","decl":{"start":{"line":1,"column":16},"end":{"line":1,"column":17}},"loc":{"start":{"line":1,"column":27},"end":{"line":1,"column":54}},"line":1},"1":{"name":"(anonymous_1)","decl":{"start":{"line":2,"column":14},"end":{"line":2,"column":15}},"loc":{"start":{"line":2,"column":25},"end":{"line":2,"column":53}},"line":2},"2":{"name":"(anonymous_2)","decl":{"start":{"line":3,"column":14},"end":{"line":3,"column":15}},"loc":{"start":{"line":3,"column":25},"end":{"line":3,"column":59}},"line":3}},"branchMap":{},"s":{"0":1,"1":3,"2":1,"3":3,"4":1,"5":3},"f":{"0":3,"1":3,"2":3},"b":{},"_coverageSchema":"1a1c01bbd47fc00a2c39e90264f33305004495a9","hash":"6c081a7eca9e8455ab75e40f0a565c7a8f3e8095"}
,"/Users/infi/Desktop/React-Native/Demo/React_task_coco/coco new/src/styles/commonStyle.js": {"path":"/Users/infi/Desktop/React-Native/Demo/React_task_coco/coco new/src/styles/commonStyle.js","statementMap":{"0":{"start":{"line":3,"column":20},"end":{"line":87,"column":2}}},"fnMap":{},"branchMap":{},"s":{"0":1},"f":{},"b":{},"_coverageSchema":"1a1c01bbd47fc00a2c39e90264f33305004495a9","hash":"62b6b70fcb3e576fd3c1e9913d5fa2c43aa9bcc1"}
}
