TN:
SF:src/assets/check.png
FNF:0
FNH:0
DA:1,1
LF:1
LH:1
BRF:0
BRH:0
end_of_record
TN:
SF:src/assets/close.png
FNF:0
FNH:0
DA:1,1
LF:1
LH:1
BRF:0
BRH:0
end_of_record
TN:
SF:src/assets/filter.png
FNF:0
FNH:0
DA:1,1
LF:1
LH:1
BRF:0
BRH:0
end_of_record
TN:
SF:src/assets/search.png
FNF:0
FNH:0
DA:1,1
LF:1
LH:1
BRF:0
BRH:0
end_of_record
TN:
SF:src/component/index.js
FNF:0
FNH:0
LF:0
LH:0
BRF:0
BRH:0
end_of_record
TN:
SF:src/component/button/button.js
FN:28,(anonymous_0)
FN:46,(anonymous_1)
FNF:2
FNH:0
FNDA:0,(anonymous_0)
FNDA:0,(anonymous_1)
DA:6,1
DA:38,0
DA:39,0
DA:47,0
DA:70,1
DA:78,1
LF:6
LH:3
BRDA:42,0,0,0
BRDA:42,0,1,0
BRDA:44,1,0,0
BRDA:44,1,1,0
BRDA:51,2,0,0
BRDA:51,2,1,0
BRDA:57,3,0,0
BRDA:57,3,1,0
BRDA:61,4,0,0
BRDA:61,4,1,0
BRF:10
BRH:0
end_of_record
TN:
SF:src/component/image/image.js
FN:4,(anonymous_0)
FNF:1
FNH:0
FNDA:0,(anonymous_0)
DA:5,0
DA:7,0
LF:2
LH:0
BRDA:5,0,0,0
BRF:1
BRH:0
end_of_record
TN:
SF:src/component/image/imageBackground.js
FN:7,(anonymous_0)
FN:14,(anonymous_1)
FN:20,(anonymous_2)
FNF:3
FNH:0
FNDA:0,(anonymous_0)
FNDA:0,(anonymous_1)
FNDA:0,(anonymous_2)
DA:5,0
DA:6,0
DA:7,0
DA:8,0
DA:14,0
DA:15,0
DA:29,0
DA:30,0
DA:40,0
LF:9
LH:0
BRDA:23,0,0,0
BRDA:27,1,0,0
BRDA:45,2,0,0
BRDA:45,2,1,0
BRF:4
BRH:0
end_of_record
TN:
SF:src/component/input/searchbar.js
FN:34,(anonymous_0)
FNF:1
FNH:1
FNDA:1,(anonymous_0)
DA:12,1
DA:34,1
DA:35,1
LF:3
LH:3
BRF:0
BRH:0
end_of_record
TN:
SF:src/component/modal/multiSelect.js
FN:18,(anonymous_0)
FN:30,(anonymous_1)
FN:62,(anonymous_2)
FN:66,(anonymous_3)
FN:78,(anonymous_4)
FN:79,(anonymous_5)
FN:81,(anonymous_6)
FNF:7
FNH:1
FNDA:0,(anonymous_0)
FNDA:1,(anonymous_1)
FNDA:0,(anonymous_2)
FNDA:0,(anonymous_3)
FNDA:0,(anonymous_4)
FNDA:0,(anonymous_5)
FNDA:0,(anonymous_6)
DA:8,1
DA:14,1
DA:18,1
DA:19,0
DA:20,0
DA:21,0
DA:22,0
DA:25,0
DA:27,0
DA:31,1
DA:32,1
DA:33,1
DA:63,0
DA:66,0
DA:78,0
DA:79,0
DA:81,0
DA:89,1
DA:96,1
LF:19
LH:8
BRDA:20,0,0,0
BRDA:20,0,1,0
BRDA:68,1,0,0
BRDA:68,1,1,0
BRDA:70,2,0,0
BRDA:70,2,1,0
BRF:6
BRH:0
end_of_record
TN:
SF:src/component/safeAreaView/appRoot.js
FN:3,(anonymous_0)
FNF:1
FNH:1
FNDA:1,(anonymous_0)
DA:3,1
DA:4,1
LF:2
LH:2
BRF:0
BRH:0
end_of_record
TN:
SF:src/component/safeAreaView/appSafeAreaView.js
FN:27,(anonymous_0)
FN:33,(anonymous_1)
FNF:2
FNH:2
FNDA:1,(anonymous_0)
FNDA:1,(anonymous_1)
DA:4,1
DA:27,1
DA:33,1
DA:34,1
DA:45,1
DA:46,1
DA:65,0
LF:7
LH:6
BRDA:30,0,0,1
BRDA:31,1,0,1
BRDA:37,2,0,1
BRDA:37,2,1,0
BRDA:39,3,0,1
BRDA:39,3,1,0
BRDA:45,4,0,1
BRDA:45,4,1,0
BRDA:51,5,0,1
BRDA:51,5,1,0
BRDA:53,6,0,0
BRDA:53,6,1,0
BRF:12
BRH:6
end_of_record
TN:
SF:src/component/text/textView.js
FN:4,(anonymous_0)
FNF:1
FNH:0
FNDA:0,(anonymous_0)
DA:5,0
DA:6,0
LF:2
LH:0
BRDA:5,0,0,0
BRDA:8,1,0,0
BRDA:8,1,1,0
BRF:3
BRH:0
end_of_record
TN:
SF:src/config/appConstants.js
FNF:0
FNH:0
DA:2,1
DA:3,1
DA:12,1
DA:22,1
DA:39,1
DA:57,1
DA:68,1
DA:75,1
DA:77,1
DA:79,1
DA:85,1
LF:11
LH:11
BRF:0
BRH:0
end_of_record
TN:
SF:src/list/userList.js
FN:32,(anonymous_0)
FN:35,(anonymous_1)
FNF:2
FNH:0
FNDA:0,(anonymous_0)
FNDA:0,(anonymous_1)
DA:8,1
DA:32,1
DA:33,0
DA:34,0
DA:35,0
DA:36,0
DA:39,0
LF:7
LH:2
BRDA:34,0,0,0
BRDA:34,0,1,0
BRDA:34,1,0,0
BRDA:34,1,1,0
BRDA:40,2,0,0
BRDA:40,2,1,0
BRDA:43,3,0,0
BRDA:43,3,1,0
BRDA:46,4,0,0
BRDA:46,4,1,0
BRDA:47,5,0,0
BRDA:47,5,1,0
BRDA:49,6,0,0
BRDA:49,6,1,0
BRDA:51,7,0,0
BRDA:51,7,1,0
BRDA:53,8,0,0
BRDA:53,8,1,0
BRF:18
BRH:0
end_of_record
TN:
SF:src/pages/index.js
FN:9,(anonymous_0)
FN:16,(anonymous_1)
FN:23,(anonymous_2)
FN:29,(anonymous_3)
FN:37,(anonymous_4)
FN:42,(anonymous_5)
FN:50,(anonymous_6)
FN:55,(anonymous_7)
FNF:8
FNH:2
FNDA:1,(anonymous_0)
FNDA:1,(anonymous_1)
FNDA:0,(anonymous_2)
FNDA:0,(anonymous_3)
FNDA:0,(anonymous_4)
FNDA:0,(anonymous_5)
FNDA:0,(anonymous_6)
FNDA:0,(anonymous_7)
DA:9,1
DA:10,1
DA:11,1
DA:12,1
DA:13,1
DA:14,1
DA:15,1
DA:16,1
DA:17,1
DA:18,1
DA:21,1
DA:23,0
DA:30,0
DA:43,0
DA:51,0
DA:52,0
DA:55,0
LF:17
LH:11
BRDA:31,0,0,0
BRDA:31,0,1,0
BRDA:31,1,0,0
BRDA:31,1,1,0
BRF:4
BRH:0
end_of_record
TN:
SF:src/redux/actionType.js
FNF:0
FNH:0
DA:1,1
DA:2,1
DA:3,1
LF:3
LH:3
BRF:0
BRH:0
end_of_record
TN:
SF:src/redux/configureStore.js
FN:5,(anonymous_0)
FNF:1
FNH:1
FNDA:1,(anonymous_0)
DA:5,1
DA:6,1
LF:2
LH:2
BRF:0
BRH:0
end_of_record
TN:
SF:src/redux/actions/homeAction.js
FN:3,(anonymous_0)
FN:4,(anonymous_1)
FN:10,(anonymous_2)
FN:19,(anonymous_3)
FN:20,(anonymous_4)
FN:25,(anonymous_5)
FN:34,(anonymous_6)
FN:37,(anonymous_7)
FN:41,(anonymous_8)
FNF:9
FNH:5
FNDA:1,(anonymous_0)
FNDA:1,(anonymous_1)
FNDA:0,(anonymous_2)
FNDA:1,(anonymous_3)
FNDA:1,(anonymous_4)
FNDA:0,(anonymous_5)
FNDA:2,(anonymous_6)
FNDA:0,(anonymous_7)
FNDA:0,(anonymous_8)
DA:3,1
DA:4,1
DA:5,1
DA:6,1
DA:7,1
DA:11,0
DA:14,1
DA:19,1
DA:20,1
DA:21,1
DA:22,1
DA:26,0
DA:29,1
DA:34,1
DA:35,2
DA:37,1
DA:38,0
DA:41,1
DA:42,0
LF:19
LH:15
BRF:0
BRH:0
end_of_record
TN:
SF:src/redux/reducers/home.js
FN:9,(anonymous_0)
FNF:1
FNH:1
FNDA:5,(anonymous_0)
DA:3,1
DA:9,1
DA:10,5
DA:12,2
DA:17,0
DA:23,0
DA:28,3
LF:7
LH:5
BRDA:9,0,0,3
BRDA:10,1,0,2
BRDA:10,1,1,0
BRDA:10,1,2,0
BRF:4
BRH:2
end_of_record
TN:
SF:src/redux/reducers/rootReducer.js
FNF:0
FNH:0
DA:3,1
LF:1
LH:1
BRF:0
BRH:0
end_of_record
TN:
SF:src/redux/selectors/homeSelectors.js
FN:1,(anonymous_0)
FN:2,(anonymous_1)
FN:3,(anonymous_2)
FNF:3
FNH:3
FNDA:3,(anonymous_0)
FNDA:3,(anonymous_1)
FNDA:3,(anonymous_2)
DA:1,3
DA:2,3
DA:3,3
LF:3
LH:3
BRF:0
BRH:0
end_of_record
TN:
SF:src/styles/commonStyle.js
FNF:0
FNH:0
DA:3,1
LF:1
LH:1
BRF:0
BRH:0
end_of_record
